<?xml version="1.0" encoding="UTF-8"?>
<testsuite xmlns:xsi="http://www.w3.org/2001/XMLSchema-instance" xsi:noNamespaceSchemaLocation="https://maven.apache.org/surefire/maven-surefire-plugin/xsd/surefire-test-report-3.0.xsd" version="3.0" name="org.alvaroaleman.Triangle.TriangleTest" time="0.078" tests="6" errors="0" skipped="0" failures="0">
  <properties>
[...]
</properties>
  <testcase name="getTypeShouldRaiseExceptionIf1SideIsEqualOrLowerToTheSumOf2Sides" classname="org.alvaroaleman.Triangle.TriangleTest" time="0.031"/>
  <testcase name="getTypeShouldReturnIsoscelesIf2SideEqual" classname="org.alvaroaleman.Triangle.TriangleTest" time="0"/>
  <testcase name="getTypeShouldReturnRaiseExceptionIfSideEqualsZero" classname="org.alvaroaleman.Triangle.TriangleTest" time="0"/>
  <testcase name="getTypeShouldRaiseExceptionIfSideNegative" classname="org.alvaroaleman.Triangle.TriangleTest" time="0"/>
  <testcase name="getTypeShouldReturnEquilateralIfEverySideEqual" classname="org.alvaroaleman.Triangle.TriangleTest" time="0"/>
  <testcase name="getTypeShouldReturnEscaleneIf3SideDifferent" classname="org.alvaroaleman.Triangle.TriangleTest" time="0"/>
</testsuite>