<?xml version="1.0" encoding="UTF-8"?>
<testsuite xmlns:xsi="http://www.w3.org/2001/XMLSchema-instance" xsi:noNamespaceSchemaLocation="https://maven.apache.org/surefire/maven-surefire-plugin/xsd/surefire-test-report-3.0.xsd" version="3.0" name="org.alvaroaleman.factorial.FactorialTest" time="0.071" tests="11" errors="0" skipped="0" failures="0">
  <properties>
[...]
</properties>
  <testcase name="shouldComputeReturnOneIfTheNumberIsZero" classname="org.alvaroaleman.factorial.FactorialTest" time="0.017"/>
  <testcase name="shouldComputeOfANegativeNumberRaiseAnException" classname="org.alvaroaleman.factorial.FactorialTest" time="0.003"/>
  <testcase name="shouldComputeReturn720IfTheNumberIs6" classname="org.alvaroaleman.factorial.FactorialTest" time="0"/>
  <testcase name="pruebaParameterizedTest(int)[1]" classname="org.alvaroaleman.factorial.FactorialTest" time="0.014"/>
  <testcase name="pruebaParameterizedTest(int)[2]" classname="org.alvaroaleman.factorial.FactorialTest" time="0"/>
  <testcase name="pruebaParameterizedTest(int)[3]" classname="org.alvaroaleman.factorial.FactorialTest" time="0.001"/>
  <testcase name="pruebaParameterizedTest(int)[4]" classname="org.alvaroaleman.factorial.FactorialTest" time="0"/>
  <testcase name="pruebaParameterizedTest(int)[5]" classname="org.alvaroaleman.factorial.FactorialTest" time="0.001"/>
  <testcase name="shouldComputeReturnSixIfTheNumberIsThree" classname="org.alvaroaleman.factorial.FactorialTest" time="0.001"/>
  <testcase name="shouldComputeReturnOneIfTheNumberIsOne" classname="org.alvaroaleman.factorial.FactorialTest" time="0.003"/>
  <testcase name="shouldComputeReturnTwoIfTheNumberIsTwo" classname="org.alvaroaleman.factorial.FactorialTest" time="0"/>
</testsuite>